[35m[Appium][39m Available drivers:
[35m[Appium][39m   - uiautomator2@2.12.3 (automationName 'UiAutomator2')
[35m[Appium][39m No plugins have been installed. Use the "appium plugin" command to install the one(s) you want to use.
[38;5;0m[HTTP][0m [37m-->[39m [37mPOST[39m [37m/session[39m
[38;5;0m[HTTP][0m [90m{"capabilities":{"alwaysMatch":{"platformName":"Android","appium:platformVersion":"11","appium:deviceName":"RZ8R90TWJXR","appium:automationName":"UiAutomator2","appium:app":"D:\\Dummy\\Android-NativeDemoApp-0.4.0.apk","appium:appPackage":"com.wdiodemoapp","appium:appActivity":"com.wdiodemoapp.SplashActivity"},"firstMatch":[{}]},"desiredCapabilities":{"platformName":"Android","appium:platformVersion":"11","appium:deviceName":"RZ8R90TWJXR","appium:automationName":"UiAutomator2","appium:app":"D:\\Dummy\\Android-NativeDemoApp-0.4.0.apk","appium:appPackage":"com.wdiodemoapp","appium:appActivity":"com.wdiodemoapp.SplashActivity"}}[39m
[debug] [38;5;16m[AppiumDriver@5ea4][0m Calling AppiumDriver.createSession() with args: [{"platformName":"Android","appium:platformVersion":"11","appium:deviceName":"RZ8R90TWJXR","appium:automationName":"UiAutomator2","appium:app":"D:\\Dummy\\Android-NativeDemoApp-0.4.0.apk","appium:appPackage":"com.wdiodemoapp","appium:appActivity":"com.wdiodemoapp.SplashActivity"},null,{"alwaysMatch":{"platformName":"Android","appium:platformVersion":"11","appium:deviceName":"RZ8R90TWJXR","appium:automationName":"UiAutomator2","appium:app":"D:\\Dummy\\Android-NativeDemoApp-0.4.0.apk","appium:appPackage":"com.wdiodemoapp","appium:appActivity":"com.wdiodemoapp.SplashActivity"},"firstMatch":[{}]}]
[debug] [38;5;16m[AppiumDriver@5ea4][0m Event 'newSessionRequested' logged at 1676554207299 (13:30:07 GMT+0000 (Greenwich Mean Time))
[35m[Appium][39m Attempting to find matching driver for automationName 'UiAutomator2' and platformName 'Android'
[35m[Appium][39m The 'uiautomator2' driver was installed and matched caps.
[35m[Appium][39m Will require it at D:/MinuGITREpo/WDIO_Appium/node_modules/appium-uiautomator2-driver
[debug] [35m[Appium][39m Requiring driver at D:/MinuGITREpo/WDIO_Appium/node_modules/appium-uiautomator2-driver
[38;5;16m[AppiumDriver@5ea4][0m Appium v2.0.0-beta.55 creating new AndroidUiautomator2Driver (v2.12.3) session
[38;5;16m[AppiumDriver@5ea4][0m Checking BaseDriver versions for Appium and AndroidUiautomator2Driver
[38;5;16m[AppiumDriver@5ea4][0m Appium's BaseDriver version is 9.3.1
[38;5;16m[AppiumDriver@5ea4][0m AndroidUiautomator2Driver's BaseDriver version is 9.3.1
[debug] [38;5;32m[AndroidUiautomator2Driver@20e0][0m Creating session with W3C capabilities: {
[debug] [38;5;32m[AndroidUiautomator2Driver@20e0][0m   "alwaysMatch": {
[debug] [38;5;32m[AndroidUiautomator2Driver@20e0][0m     "platformName": "Android",
[debug] [38;5;32m[AndroidUiautomator2Driver@20e0][0m     "appium:platformVersion": "11",
[debug] [38;5;32m[AndroidUiautomator2Driver@20e0][0m     "appium:deviceName": "RZ8R90TWJXR",
[debug] [38;5;32m[AndroidUiautomator2Driver@20e0][0m     "appium:automationName": "UiAutomator2",
[debug] [38;5;32m[AndroidUiautomator2Driver@20e0][0m     "appium:app": "D:\\Dummy\\Android-NativeDemoApp-0.4.0.apk",
[debug] [38;5;32m[AndroidUiautomator2Driver@20e0][0m     "appium:appPackage": "com.wdiodemoapp",
[debug] [38;5;32m[AndroidUiautomator2Driver@20e0][0m     "appium:appActivity": "com.wdiodemoapp.SplashActivity"
[debug] [38;5;32m[AndroidUiautomator2Driver@20e0][0m   },
[debug] [38;5;32m[AndroidUiautomator2Driver@20e0][0m   "firstMatch": [
[debug] [38;5;32m[AndroidUiautomator2Driver@20e0][0m     {}
[debug] [38;5;32m[AndroidUiautomator2Driver@20e0][0m   ]
[debug] [38;5;32m[AndroidUiautomator2Driver@20e0][0m }
[38;5;32m[AndroidUiautomator2Driver@20e0 (76fca245)][0m Session created with session id: 76fca245-900a-4c10-9906-e55179b88a77
[38;5;48m[BaseDriver][0m Using local app 'D:\Dummy\Android-NativeDemoApp-0.4.0.apk'
[debug] [38;5;32m[AndroidUiautomator2Driver@20e0 (76fca245)][0m Checking whether app is actually present
[38;5;64m[ADB][0m Found 1 'build-tools' folders under 'C:\Users\Mehul\AppData\Local\Android\Sdk' (newest first):
[38;5;64m[ADB][0m     C:/Users/Mehul/AppData/Local/Android/Sdk/build-tools/33.0.1
[38;5;64m[ADB][0m Using 'adb.exe' from 'C:\Users\Mehul\AppData\Local\Android\Sdk\platform-tools\adb.exe'
[debug] [38;5;64m[ADB][0m Running 'C:\Users\Mehul\AppData\Local\Android\Sdk\platform-tools\adb.exe -P 5037 start-server'
[38;5;80m[AndroidDriver][0m Retrieving device list
[debug] [38;5;64m[ADB][0m Trying to find a connected android device
[debug] [38;5;64m[ADB][0m Getting connected devices
[debug] [38;5;64m[ADB][0m Connected devices: [{"udid":"A47EUT2901000624","state":"device"}]
[38;5;80m[AndroidDriver][0m Looking for a device with Android '11.0.0'
[debug] [38;5;64m[ADB][0m Setting device id to A47EUT2901000624
[38;5;64m[ADB][0m Getting device platform version
[debug] [38;5;64m[ADB][0m Running 'C:\Users\Mehul\AppData\Local\Android\Sdk\platform-tools\adb.exe -P 5037 -s A47EUT2901000624 shell getprop ro.build.version.release'
[debug] [38;5;64m[ADB][0m Current device property 'ro.build.version.release': 11
[38;5;80m[AndroidDriver][0m Using device: A47EUT2901000624
[38;5;64m[ADB][0m Using 'adb.exe' from 'C:\Users\Mehul\AppData\Local\Android\Sdk\platform-tools\adb.exe'
[debug] [38;5;64m[ADB][0m Running 'C:\Users\Mehul\AppData\Local\Android\Sdk\platform-tools\adb.exe -P 5037 start-server'
[debug] [38;5;64m[ADB][0m Setting device id to A47EUT2901000624
[debug] [38;5;64m[ADB][0m Running 'C:\Users\Mehul\AppData\Local\Android\Sdk\platform-tools\adb.exe -P 5037 -s A47EUT2901000624 shell getprop ro.build.version.sdk'
[debug] [38;5;64m[ADB][0m Current device property 'ro.build.version.sdk': 30
[38;5;64m[ADB][0m Getting device platform version
[debug] [38;5;64m[ADB][0m Running 'C:\Users\Mehul\AppData\Local\Android\Sdk\platform-tools\adb.exe -P 5037 -s A47EUT2901000624 shell getprop ro.build.version.release'
[debug] [38;5;64m[ADB][0m Current device property 'ro.build.version.release': 11
[debug] [38;5;64m[ADB][0m Device API level: 30
[38;5;32m[AndroidUiautomator2Driver@20e0 (76fca245)][0m Relaxing hidden api policy
[debug] [38;5;64m[ADB][0m Running 'C:\Users\Mehul\AppData\Local\Android\Sdk\platform-tools\adb.exe -P 5037 -s A47EUT2901000624 shell 'settings put global hidden_api_policy_pre_p_apps 1;settings put global hidden_api_policy_p_apps 1;settings put global hidden_api_policy 1''
[debug] [38;5;64m[ADB][0m Running 'C:\Users\Mehul\AppData\Local\Android\Sdk\platform-tools\adb.exe -P 5037 -s A47EUT2901000624 wait-for-device'
[debug] [38;5;64m[ADB][0m Running 'C:\Users\Mehul\AppData\Local\Android\Sdk\platform-tools\adb.exe -P 5037 -s A47EUT2901000624 shell echo ping'
[debug] [38;5;80m[AndroidDriver][0m Pushing settings apk to device...
[debug] [38;5;64m[ADB][0m Getting install status for io.appium.settings
[debug] [38;5;64m[ADB][0m Running 'C:\Users\Mehul\AppData\Local\Android\Sdk\platform-tools\adb.exe -P 5037 -s A47EUT2901000624 shell dumpsys package io.appium.settings'
[debug] [38;5;64m[ADB][0m 'io.appium.settings' is installed
[debug] [38;5;64m[ADB][0m Getting package info for 'io.appium.settings'
[debug] [38;5;64m[ADB][0m Running 'C:\Users\Mehul\AppData\Local\Android\Sdk\platform-tools\adb.exe -P 5037 -s A47EUT2901000624 shell dumpsys package io.appium.settings'
[debug] [38;5;64m[ADB][0m The version name of the installed 'io.appium.settings' is greater or equal to the application version name ('5.0.3' >= '5.0.3')
[debug] [38;5;64m[ADB][0m There is no need to install/upgrade 'D:\MinuGITREpo\WDIO_Appium\node_modules\appium-uiautomator2-driver\node_modules\io.appium.settings\apks\settings_apk-debug.apk'
[debug] [38;5;64m[ADB][0m Getting IDs of all 'io.appium.settings' processes
[debug] [38;5;64m[ADB][0m Running 'C:\Users\Mehul\AppData\Local\Android\Sdk\platform-tools\adb.exe -P 5037 -s A47EUT2901000624 shell 'pgrep --help; echo $?''
[debug] [38;5;64m[ADB][0m Running 'C:\Users\Mehul\AppData\Local\Android\Sdk\platform-tools\adb.exe -P 5037 -s A47EUT2901000624 shell pgrep -f \(\[\[:blank:\]\]\|\^\)io\.appium\.settings\(\[\[:blank:\]\]\|\$\)'
[debug] [38;5;80m[AndroidDriver][0m io.appium.settings is already running. There is no need to reset its permissions.
[debug] [38;5;64m[ADB][0m Running 'C:\Users\Mehul\AppData\Local\Android\Sdk\platform-tools\adb.exe -P 5037 -s A47EUT2901000624 shell appops set io.appium.settings android:mock_location allow'
[debug] [38;5;64m[ADB][0m Running 'C:\Users\Mehul\AppData\Local\Android\Sdk\platform-tools\adb.exe -P 5037 -s A47EUT2901000624 shell "[ -e '/data/local/tmp/mock_apps.json' ] && echo __PASS__"'
[debug] [38;5;64m[ADB][0m Running 'C:\Users\Mehul\AppData\Local\Android\Sdk\platform-tools\adb.exe -P 5037 -s A47EUT2901000624 shell cat /data/local/tmp/mock_apps.json'
[debug] [38;5;96m[Logcat][0m Starting logs capture with command: C:\\Users\\Mehul\\AppData\\Local\\Android\\Sdk\\platform-tools\\adb.exe -P 5037 -s A47EUT2901000624 logcat -v threadtime
[debug] [38;5;32m[AndroidUiautomator2Driver@20e0 (76fca245)][0m Forwarding UiAutomator2 Server port 6790 to local port 8200
[debug] [38;5;64m[ADB][0m Forwarding system: 8200 to device: 6790
[debug] [38;5;64m[ADB][0m Running 'C:\Users\Mehul\AppData\Local\Android\Sdk\platform-tools\adb.exe -P 5037 -s A47EUT2901000624 forward tcp:8200 tcp:6790'
[debug] [38;5;64m[ADB][0m Getting install status for io.appium.uiautomator2.server
[debug] [38;5;64m[ADB][0m Running 'C:\Users\Mehul\AppData\Local\Android\Sdk\platform-tools\adb.exe -P 5037 -s A47EUT2901000624 shell dumpsys package io.appium.uiautomator2.server'
[debug] [38;5;64m[ADB][0m 'io.appium.uiautomator2.server' is installed
[debug] [38;5;64m[ADB][0m Getting package info for 'io.appium.uiautomator2.server'
[debug] [38;5;64m[ADB][0m Running 'C:\Users\Mehul\AppData\Local\Android\Sdk\platform-tools\adb.exe -P 5037 -s A47EUT2901000624 shell dumpsys package io.appium.uiautomator2.server'
[debug] [38;5;64m[ADB][0m The version name of the installed 'io.appium.uiautomator2.server' is greater or equal to the application version name ('5.7.7' >= '5.7.7')
[debug] [38;5;32m[AndroidUiautomator2Driver@20e0 (76fca245)][0m io.appium.uiautomator2.server installation state: sameVersionInstalled
[debug] [38;5;64m[ADB][0m Checking app cert for D:\MinuGITREpo\WDIO_Appium\node_modules\appium-uiautomator2-driver\node_modules\appium-uiautomator2-server\apks\appium-uiautomator2-server-v5.7.7.apk
[38;5;64m[ADB][0m Using 'apksigner.jar' from 'C:\Users\Mehul\AppData\Local\Android\Sdk\build-tools\33.0.1\lib\apksigner.jar'
[debug] [38;5;64m[ADB][0m Starting apksigner: 'C:\\Program Files\\Java\\jdk-11\\bin\\java.exe' -Xmx1024M -Xss1m -jar C:\\Users\\Mehul\\AppData\\Local\\Android\\Sdk\\build-tools\\33.0.1\\lib\\apksigner.jar verify --print-certs D:\\MinuGITREpo\\WDIO_Appium\\node_modules\\appium-uiautomator2-driver\\node_modules\\appium-uiautomator2-server\\apks\\appium-uiautomator2-server-v5.7.7.apk
[debug] [38;5;64m[ADB][0m apksigner stdout: Signer #1 certificate DN: EMAILADDRESS=android@android.com, CN=Android, OU=Android, O=Android, L=Mountain View, ST=California, C=US
[debug] [38;5;64m[ADB][0m Signer #1 certificate SHA-256 digest: a40da80a59d170caa950cf15c18c454d47a39b26989d8b640ecd745ba71bf5dc
[debug] [38;5;64m[ADB][0m Signer #1 certificate SHA-1 digest: 61ed377e85d386a8dfee6b864bd85b0bfaa5af81
[debug] [38;5;64m[ADB][0m Signer #1 certificate MD5 digest: e89b158e4bcf988ebd09eb83f5378e87
[debug] [38;5;64m[ADB][0m 
[debug] [38;5;64m[ADB][0m sha256 hash did match for 'appium-uiautomator2-server-v5.7.7.apk'
[38;5;64m[ADB][0m 'D:\MinuGITREpo\WDIO_Appium\node_modules\appium-uiautomator2-driver\node_modules\appium-uiautomator2-server\apks\appium-uiautomator2-server-v5.7.7.apk' is signed with the default certificate
[debug] [38;5;64m[ADB][0m Getting install status for io.appium.uiautomator2.server.test
[debug] [38;5;64m[ADB][0m Running 'C:\Users\Mehul\AppData\Local\Android\Sdk\platform-tools\adb.exe -P 5037 -s A47EUT2901000624 shell dumpsys package io.appium.uiautomator2.server.test'
[debug] [38;5;64m[ADB][0m 'io.appium.uiautomator2.server.test' is installed
[debug] [38;5;64m[ADB][0m Checking app cert for D:\MinuGITREpo\WDIO_Appium\node_modules\appium-uiautomator2-driver\node_modules\appium-uiautomator2-server\apks\appium-uiautomator2-server-debug-androidTest.apk
[debug] [38;5;64m[ADB][0m Starting apksigner: 'C:\\Program Files\\Java\\jdk-11\\bin\\java.exe' -Xmx1024M -Xss1m -jar C:\\Users\\Mehul\\AppData\\Local\\Android\\Sdk\\build-tools\\33.0.1\\lib\\apksigner.jar verify --print-certs D:\\MinuGITREpo\\WDIO_Appium\\node_modules\\appium-uiautomator2-driver\\node_modules\\appium-uiautomator2-server\\apks\\appium-uiautomator2-server-debug-androidTest.apk
[debug] [38;5;64m[ADB][0m apksigner stdout: Signer #1 certificate DN: EMAILADDRESS=android@android.com, CN=Android, OU=Android, O=Android, L=Mountain View, ST=California, C=US
[debug] [38;5;64m[ADB][0m Signer #1 certificate SHA-256 digest: a40da80a59d170caa950cf15c18c454d47a39b26989d8b640ecd745ba71bf5dc
[debug] [38;5;64m[ADB][0m Signer #1 certificate SHA-1 digest: 61ed377e85d386a8dfee6b864bd85b0bfaa5af81
[debug] [38;5;64m[ADB][0m Signer #1 certificate MD5 digest: e89b158e4bcf988ebd09eb83f5378e87
[debug] [38;5;64m[ADB][0m 
[debug] [38;5;64m[ADB][0m sha256 hash did match for 'appium-uiautomator2-server-debug-androidTest.apk'
[38;5;64m[ADB][0m 'D:\MinuGITREpo\WDIO_Appium\node_modules\appium-uiautomator2-driver\node_modules\appium-uiautomator2-server\apks\appium-uiautomator2-server-debug-androidTest.apk' is signed with the default certificate
[38;5;32m[AndroidUiautomator2Driver@20e0 (76fca245)][0m Server packages are not going to be (re)installed
[debug] [38;5;32m[AndroidUiautomator2Driver@20e0 (76fca245)][0m Waiting up to 30000ms for services to be available
[debug] [38;5;64m[ADB][0m Running 'C:\Users\Mehul\AppData\Local\Android\Sdk\platform-tools\adb.exe -P 5037 -s A47EUT2901000624 shell pm list instrumentation'
[debug] [38;5;32m[AndroidUiautomator2Driver@20e0 (76fca245)][0m Instrumentation target 'io.appium.uiautomator2.server.test/androidx.test.runner.AndroidJUnitRunner' is available
[38;5;64m[ADB][0m Adding packages ["io.appium.settings","io.appium.uiautomator2.server","io.appium.uiautomator2.server.test"] to Doze whitelist
[debug] [38;5;64m[ADB][0m Got the following command chunks to execute: [["dumpsys","deviceidle","whitelist","+io.appium.settings",";","dumpsys","deviceidle","whitelist","+io.appium.uiautomator2.server",";","dumpsys","deviceidle","whitelist","+io.appium.uiautomator2.server.test",";"]]
[debug] [38;5;64m[ADB][0m Running 'C:\Users\Mehul\AppData\Local\Android\Sdk\platform-tools\adb.exe -P 5037 -s A47EUT2901000624 shell dumpsys deviceidle whitelist +io.appium.settings ; dumpsys deviceidle whitelist +io.appium.uiautomator2.server ; dumpsys deviceidle whitelist +io.appium.uiautomator2.server.test ;'
[debug] [38;5;64m[ADB][0m Checking app cert for D:\Dummy\Android-NativeDemoApp-0.4.0.apk
[debug] [38;5;64m[ADB][0m Starting apksigner: 'C:\\Program Files\\Java\\jdk-11\\bin\\java.exe' -Xmx1024M -Xss1m -jar C:\\Users\\Mehul\\AppData\\Local\\Android\\Sdk\\build-tools\\33.0.1\\lib\\apksigner.jar verify --print-certs D:\\Dummy\\Android-NativeDemoApp-0.4.0.apk
[debug] [38;5;64m[ADB][0m apksigner stdout: Signer #1 certificate DN: CN=WebdriverIO, OU=WebdriverIO, O=WebdriverIO, L=Berlin, ST=Brandenburg, C=GE
[debug] [38;5;64m[ADB][0m Signer #1 certificate SHA-256 digest: 71df6be97c50600d2a3ab7d69474b188e7b4f57de740e40053120e845bc620f0
[debug] [38;5;64m[ADB][0m Signer #1 certificate SHA-1 digest: 21c2f833d61742c16149a98c3802f2f82f6cb059
[debug] [38;5;64m[ADB][0m Signer #1 certificate MD5 digest: f70cf1963e27f72ff92ecad01c2932c6
[debug] [38;5;64m[ADB][0m 
[38;5;64m[ADB][0m 'D:\Dummy\Android-NativeDemoApp-0.4.0.apk' is signed with a non-default certificate
[debug] [38;5;64m[ADB][0m Getting install status for com.wdiodemoapp
[debug] [38;5;64m[ADB][0m Running 'C:\Users\Mehul\AppData\Local\Android\Sdk\platform-tools\adb.exe -P 5037 -s A47EUT2901000624 shell dumpsys package com.wdiodemoapp'
[debug] [38;5;64m[ADB][0m 'com.wdiodemoapp' is installed
[debug] [38;5;64m[ADB][0m Getting package info for 'com.wdiodemoapp'
[debug] [38;5;64m[ADB][0m Running 'C:\Users\Mehul\AppData\Local\Android\Sdk\platform-tools\adb.exe -P 5037 -s A47EUT2901000624 shell dumpsys package com.wdiodemoapp'
[debug] [38;5;64m[ADB][0m The version name of the installed 'com.wdiodemoapp' is greater or equal to the application version name ('0.4.0' >= '0.4.0')
[debug] [38;5;64m[ADB][0m There is no need to install/upgrade 'D:\Dummy\Android-NativeDemoApp-0.4.0.apk'
[38;5;80m[AndroidDriver][0m Performing fast reset on 'com.wdiodemoapp'
[debug] [38;5;64m[ADB][0m Getting install status for com.wdiodemoapp
[debug] [38;5;64m[ADB][0m Running 'C:\Users\Mehul\AppData\Local\Android\Sdk\platform-tools\adb.exe -P 5037 -s A47EUT2901000624 shell dumpsys package com.wdiodemoapp'
[debug] [38;5;64m[ADB][0m 'com.wdiodemoapp' is installed
[debug] [38;5;64m[ADB][0m Running 'C:\Users\Mehul\AppData\Local\Android\Sdk\platform-tools\adb.exe -P 5037 -s A47EUT2901000624 shell am force-stop com.wdiodemoapp'
[debug] [38;5;64m[ADB][0m Running 'C:\Users\Mehul\AppData\Local\Android\Sdk\platform-tools\adb.exe -P 5037 -s A47EUT2901000624 shell pm clear com.wdiodemoapp'
[debug] [38;5;80m[AndroidDriver][0m Performed fast reset on the installed 'com.wdiodemoapp' application (stop and clear)
[debug] [38;5;32m[AndroidUiautomator2Driver@20e0 (76fca245)][0m Performing shallow cleanup of automation leftovers
[debug] [38;5;32m[AndroidUiautomator2Driver@20e0 (76fca245)][0m No obsolete sessions have been detected (socket hang up)
[debug] [38;5;64m[ADB][0m Running 'C:\Users\Mehul\AppData\Local\Android\Sdk\platform-tools\adb.exe -P 5037 -s A47EUT2901000624 shell am force-stop io.appium.uiautomator2.server.test'
[38;5;32m[AndroidUiautomator2Driver@20e0 (76fca245)][0m Starting UIAutomator2 server 5.7.7
[38;5;32m[AndroidUiautomator2Driver@20e0 (76fca245)][0m Using UIAutomator2 server from 'D:\MinuGITREpo\WDIO_Appium\node_modules\appium-uiautomator2-driver\node_modules\appium-uiautomator2-server\apks\appium-uiautomator2-server-v5.7.7.apk' and test from 'D:\MinuGITREpo\WDIO_Appium\node_modules\appium-uiautomator2-driver\node_modules\appium-uiautomator2-server\apks\appium-uiautomator2-server-debug-androidTest.apk'
[38;5;32m[AndroidUiautomator2Driver@20e0 (76fca245)][0m Waiting up to 30000ms for UiAutomator2 to be online...
[debug] [38;5;64m[ADB][0m Creating ADB subprocess with args: ["-P",5037,"-s","A47EUT2901000624","shell","am","instrument","-w","-e","disableAnalytics",true,"io.appium.uiautomator2.server.test/androidx.test.runner.AndroidJUnitRunner"]
[debug] [38;5;32m[AndroidUiautomator2Driver@20e0 (76fca245)][0m Matched '/status' to command name 'getStatus'
[debug] [38;5;32m[AndroidUiautomator2Driver@20e0 (76fca245)][0m Proxying [GET /status] to [GET http://127.0.0.1:8200/status] with no body
[38;5;32m[AndroidUiautomator2Driver@20e0 (76fca245)][0m socket hang up
[debug] [38;5;112m[Instrumentation][0m io.appium.uiautomator2.server.test.AppiumUiAutomator2Server:
[debug] [38;5;32m[AndroidUiautomator2Driver@20e0 (76fca245)][0m Matched '/status' to command name 'getStatus'
[debug] [38;5;32m[AndroidUiautomator2Driver@20e0 (76fca245)][0m Proxying [GET /status] to [GET http://127.0.0.1:8200/status] with no body
[38;5;32m[AndroidUiautomator2Driver@20e0 (76fca245)][0m socket hang up
[debug] [38;5;32m[AndroidUiautomator2Driver@20e0 (76fca245)][0m Matched '/status' to command name 'getStatus'
[debug] [38;5;32m[AndroidUiautomator2Driver@20e0 (76fca245)][0m Proxying [GET /status] to [GET http://127.0.0.1:8200/status] with no body
[debug] [38;5;32m[AndroidUiautomator2Driver@20e0 (76fca245)][0m Got response with status 200: {"sessionId":"None","value":{"message":"UiAutomator2 Server is ready to accept commands","ready":true}}
[debug] [38;5;32m[AndroidUiautomator2Driver@20e0 (76fca245)][0m The initialization of the instrumentation process took 2112ms
[debug] [38;5;32m[AndroidUiautomator2Driver@20e0 (76fca245)][0m Matched '/session' to command name 'createSession'
[debug] [38;5;32m[AndroidUiautomator2Driver@20e0 (76fca245)][0m Proxying [POST /session] to [POST http://127.0.0.1:8200/session] with body: {"capabilities":{"firstMatch":[{"platform":"LINUX","webStorageEnabled":false,"takesScreenshot":true,"javascriptEnabled":true,"databaseEnabled":false,"networkConnectionEnabled":true,"locationContextEnabled":false,"warnings":{},"desired":{"platformName":"Android","platformVersion":"11","deviceName":"RZ8R90TWJXR","automationName":"UiAutomator2","app":"D:\\Dummy\\Android-NativeDemoApp-0.4.0.apk","appPackage":"com.wdiodemoapp","appActivity":"com.wdiodemoapp.SplashActivity"},"platformName":"Android","platformVersion":"11","deviceName":"A47EUT2901000624","automationName":"UiAutomator2","app":"D:\\Dummy\\Android-NativeDemoApp-0.4.0.apk","appPackage":"com.wdiodemoapp","appActivity":"com.wdiodemoapp.SplashActivity","deviceUDID":"A47EUT2901000624"}],"alwaysMatch":{}}}
[debug] [38;5;32m[AndroidUiautomator2Driver@20e0 (76fca245)][0m Got response with status 200: {"sessionId":"54b5b266-85a0-4fb7-b8c8-442e9a046387","value":{"capabilities":{"firstMatch":[{"platform":"LINUX","webStorageEnabled":false,"takesScreenshot":true,"javascriptEnabled":true,"databaseEnabled":false,"networkConnectionEnabled":true,"locationContextEnabled":false,"warnings":{},"desired":{"platformName":"Android","platformVersion":"11","deviceName":"RZ8R90TWJXR","automationName":"UiAutomator2","app":"D:\\Dummy\\Android-NativeDemoApp-0.4.0.apk","appPackage":"com.wdiodemoapp","appActivity":"com.wdiodemoapp.SplashActivity"},"platformName":"Android","platformVersion":"11","deviceName":"A47EUT2901000624","automationName":"UiAutomator2","app":"D:\\Dummy\\Android-NativeDemoApp-0.4.0.apk","appPackage":"com.wdiodemoapp","appActivity":"com.wdiodemoapp.SplashActivity","deviceUDID":"A47EUT2901000624"}],"alwaysMatch":{}},"sessionId":"54b5b266-85a0-4fb7-b8c8-442e9a046387"}}
[38;5;32m[AndroidUiautomator2Driver@20e0 (76fca245)][0m Determined the downstream protocol as 'W3C'
[debug] [38;5;32m[AndroidUiautomator2Driver@20e0 (76fca245)][0m Proxying [GET /appium/device/info] to [GET http://127.0.0.1:8200/session/54b5b266-85a0-4fb7-b8c8-442e9a046387/appium/device/info] with no body
[debug] [38;5;32m[AndroidUiautomator2Driver@20e0 (76fca245)][0m Got response with status 200: {"sessionId":"54b5b266-85a0-4fb7-b8c8-442e9a046387","value":{"androidId":"f87bb483cd54ee06","apiVersion":"30","bluetooth":{"state":"OFF"},"brand":"HONOR","carrierName":"","displayDensity":480,"locale":"en_GB","manufacturer":"HONOR","model":"ANY-NX1","networks":[{"capabilities":{"SSID":null,"linkDownBandwidthKbps":49500,"linkUpstreamBandwidthKbps":37881,"networkCapabilities":"NET_CAPABILITY_NOT_METERED,NET_CAPABILITY_INTERNET,NET_CAPABILITY_NOT_RESTRICTED,NET_CAPABILITY_TRUSTED,NET_CAPABILITY_NOT_VPN,NET_CAPABILITY_VALIDATED,NET_CAPABILITY_NOT_ROAMING,NET_CAPABILITY_FOREGROUND,NET_CAPABILITY_NOT_CONGESTED,NET_CAPABILITY_NOT_SUSPENDED","signalStrength":-64,"transportTypes":"TRANSPORT_WIFI"},"detailedState":"CONNECTED","extraInfo":"","isAvailable":true,"isConnected":true,"isFailover":false,"isRoaming":false,"state":"CONNECTED","subtype":0,"subtypeName":"","type":1,"typeName":"WIFI"}],"platformVersion":"11","realDisplaySize":"1080x2388","timeZone":"Europe/London"}}
[debug] [38;5;64m[ADB][0m Running 'C:\Users\Mehul\AppData\Local\Android\Sdk\platform-tools\adb.exe -P 5037 -s A47EUT2901000624 shell dumpsys window'
[38;5;80m[AndroidDriver][0m Screen already unlocked, doing nothing
[38;5;32m[AndroidUiautomator2Driver@20e0 (76fca245)][0m Starting 'com.wdiodemoapp/com.wdiodemoapp.SplashActivity and waiting for 'com.wdiodemoapp/com.wdiodemoapp.SplashActivity'
[debug] [38;5;64m[ADB][0m Running 'C:\Users\Mehul\AppData\Local\Android\Sdk\platform-tools\adb.exe -P 5037 -s A47EUT2901000624 shell am start -W -n com.wdiodemoapp/com.wdiodemoapp.SplashActivity -S -a android.intent.action.MAIN -c android.intent.category.LAUNCHER -f 0x10200000'
[debug] [38;5;32m[AndroidUiautomator2Driver@20e0 (76fca245)][0m Proxying [GET /appium/device/pixel_ratio] to [GET http://127.0.0.1:8200/session/54b5b266-85a0-4fb7-b8c8-442e9a046387/appium/device/pixel_ratio] with no body
[debug] [38;5;32m[AndroidUiautomator2Driver@20e0 (76fca245)][0m Got response with status 200: {"sessionId":"54b5b266-85a0-4fb7-b8c8-442e9a046387","value":3}
[debug] [38;5;32m[AndroidUiautomator2Driver@20e0 (76fca245)][0m Matched '/appium/device/system_bars' to command name 'getSystemBars'
[debug] [38;5;32m[AndroidUiautomator2Driver@20e0 (76fca245)][0m Proxying [GET /appium/device/system_bars] to [GET http://127.0.0.1:8200/session/54b5b266-85a0-4fb7-b8c8-442e9a046387/appium/device/system_bars] with no body
[debug] [38;5;32m[AndroidUiautomator2Driver@20e0 (76fca245)][0m Got response with status 200: {"sessionId":"54b5b266-85a0-4fb7-b8c8-442e9a046387","value":{"statusBar":90}}
[debug] [38;5;32m[AndroidUiautomator2Driver@20e0 (76fca245)][0m Matched '/window/current/size' to command name 'getWindowSize'
[debug] [38;5;32m[AndroidUiautomator2Driver@20e0 (76fca245)][0m Proxying [GET /window/current/size] to [GET http://127.0.0.1:8200/session/54b5b266-85a0-4fb7-b8c8-442e9a046387/window/current/size] with no body
[debug] [38;5;32m[AndroidUiautomator2Driver@20e0 (76fca245)][0m Got response with status 200: {"sessionId":"54b5b266-85a0-4fb7-b8c8-442e9a046387","value":{"height":2298,"width":1080}}
[38;5;16m[AppiumDriver@5ea4][0m New AndroidUiautomator2Driver session created successfully, session 76fca245-900a-4c10-9906-e55179b88a77 added to master session list
[debug] [38;5;16m[AppiumDriver@5ea4][0m Event 'newSessionStarted' logged at 1676554215850 (13:30:15 GMT+0000 (Greenwich Mean Time))
[debug] [38;5;32m[AndroidUiautomator2Driver@20e0 (76fca245)][0m Cached the protocol value 'W3C' for the new session 76fca245-900a-4c10-9906-e55179b88a77
[debug] [38;5;32m[AndroidUiautomator2Driver@20e0 (76fca245)][0m Responding to client with driver.createSession() result: {"capabilities":{"platform":"LINUX","webStorageEnabled":false,"takesScreenshot":true,"javascriptEnabled":true,"databaseEnabled":false,"networkConnectionEnabled":true,"locationContextEnabled":false,"warnings":{},"desired":{"platformName":"Android","platformVersion":"11","deviceName":"RZ8R90TWJXR","automationName":"UiAutomator2","app":"D:\\Dummy\\Android-NativeDemoApp-0.4.0.apk","appPackage":"com.wdiodemoapp","appActivity":"com.wdiodemoapp.SplashActivity"},"platformName":"Android","platformVersion":"11","deviceName":"A47EUT2901000624","automationName":"UiAutomator2","app":"D:\\Dummy\\Android-NativeDemoApp-0.4.0.apk","appPackage":"com.wdiodemoapp","appActivity":"com.wdiodemoapp.SplashActivity","deviceUDID":"A47EUT2901000624","deviceApiLevel":30,"deviceScreenSize":"1080x2388","deviceScreenDensity":480,"deviceModel":"ANY-NX1","deviceManufacturer":"HONOR","pixelRatio":3,"statBarHeight":90,"viewportRect":{"left":0,"top":90,"width":1080,"height":2208}}}
[38;5;0m[HTTP][0m [37m<-- POST /session [39m[32m200[39m [90m8557 ms - 1020[39m
[38;5;0m[HTTP][0m [90m[39m
[38;5;0m[HTTP][0m [37m-->[39m [37mPOST[39m [37m/session/76fca245-900a-4c10-9906-e55179b88a77/element[39m
[38;5;0m[HTTP][0m [90m{"using":"accessibility id","value":"Login"}[39m
[debug] [38;5;32m[AndroidUiautomator2Driver@20e0 (76fca245)][0m Calling AppiumDriver.findElement() with args: ["accessibility id","Login","76fca245-900a-4c10-9906-e55179b88a77"]
[debug] [38;5;32m[AndroidUiautomator2Driver@20e0 (76fca245)][0m Valid locator strategies for this request: xpath, id, class name, accessibility id, css selector, -android uiautomator
[debug] [38;5;32m[AndroidUiautomator2Driver@20e0 (76fca245)][0m Waiting up to 0 ms for condition
[debug] [38;5;32m[AndroidUiautomator2Driver@20e0 (76fca245)][0m Matched '/element' to command name 'findElement'
[debug] [38;5;32m[AndroidUiautomator2Driver@20e0 (76fca245)][0m Proxying [POST /element] to [POST http://127.0.0.1:8200/session/54b5b266-85a0-4fb7-b8c8-442e9a046387/element] with body: {"strategy":"accessibility id","selector":"Login","context":"","multiple":false}
[debug] [38;5;32m[AndroidUiautomator2Driver@20e0 (76fca245)][0m Got response with status 200: {"sessionId":"54b5b266-85a0-4fb7-b8c8-442e9a046387","value":{"ELEMENT":"00000000-0000-02a6-ffff-ffff0000001d","element-6066-11e4-a52e-4f735466cecf":"00000000-0000-02a6-ffff-ffff0000001d"}}
[debug] [38;5;32m[AndroidUiautomator2Driver@20e0 (76fca245)][0m Responding to client with driver.findElement() result: {"element-6066-11e4-a52e-4f735466cecf":"00000000-0000-02a6-ffff-ffff0000001d","ELEMENT":"00000000-0000-02a6-ffff-ffff0000001d"}
[38;5;0m[HTTP][0m [37m<-- POST /session/76fca245-900a-4c10-9906-e55179b88a77/element [39m[32m200[39m [90m936 ms - 137[39m
[38;5;0m[HTTP][0m [90m[39m
[38;5;0m[HTTP][0m [37m-->[39m [37mPOST[39m [37m/session/76fca245-900a-4c10-9906-e55179b88a77/element/00000000-0000-02a6-ffff-ffff0000001d/click[39m
[38;5;0m[HTTP][0m [90m{}[39m
[debug] [38;5;32m[AndroidUiautomator2Driver@20e0 (76fca245)][0m Calling AppiumDriver.click() with args: ["00000000-0000-02a6-ffff-ffff0000001d","76fca245-900a-4c10-9906-e55179b88a77"]
[debug] [38;5;32m[AndroidUiautomator2Driver@20e0 (76fca245)][0m Matched '/element/00000000-0000-02a6-ffff-ffff0000001d/click' to command name 'click'
[debug] [38;5;32m[AndroidUiautomator2Driver@20e0 (76fca245)][0m Proxying [POST /element/00000000-0000-02a6-ffff-ffff0000001d/click] to [POST http://127.0.0.1:8200/session/54b5b266-85a0-4fb7-b8c8-442e9a046387/element/00000000-0000-02a6-ffff-ffff0000001d/click] with body: {"element":"00000000-0000-02a6-ffff-ffff0000001d"}
[debug] [38;5;32m[AndroidUiautomator2Driver@20e0 (76fca245)][0m Got response with status 200: {"sessionId":"54b5b266-85a0-4fb7-b8c8-442e9a046387","value":null}
[debug] [38;5;32m[AndroidUiautomator2Driver@20e0 (76fca245)][0m Responding to client with driver.click() result: null
[38;5;0m[HTTP][0m [37m<-- POST /session/76fca245-900a-4c10-9906-e55179b88a77/element/00000000-0000-02a6-ffff-ffff0000001d/click [39m[32m200[39m [90m50 ms - 14[39m
[38;5;0m[HTTP][0m [90m[39m
[38;5;0m[HTTP][0m [37m-->[39m [37mPOST[39m [37m/session/76fca245-900a-4c10-9906-e55179b88a77/element[39m
[38;5;0m[HTTP][0m [90m{"using":"accessibility id","value":"input-email"}[39m
[debug] [38;5;32m[AndroidUiautomator2Driver@20e0 (76fca245)][0m Calling AppiumDriver.findElement() with args: ["accessibility id","input-email","76fca245-900a-4c10-9906-e55179b88a77"]
[debug] [38;5;32m[AndroidUiautomator2Driver@20e0 (76fca245)][0m Valid locator strategies for this request: xpath, id, class name, accessibility id, css selector, -android uiautomator
[debug] [38;5;32m[AndroidUiautomator2Driver@20e0 (76fca245)][0m Waiting up to 0 ms for condition
[debug] [38;5;32m[AndroidUiautomator2Driver@20e0 (76fca245)][0m Matched '/element' to command name 'findElement'
[debug] [38;5;32m[AndroidUiautomator2Driver@20e0 (76fca245)][0m Proxying [POST /element] to [POST http://127.0.0.1:8200/session/54b5b266-85a0-4fb7-b8c8-442e9a046387/element] with body: {"strategy":"accessibility id","selector":"input-email","context":"","multiple":false}
[38;5;32m[AndroidUiautomator2Driver@20e0 (76fca245)][0m Got response with status 404: {"sessionId":"54b5b266-85a0-4fb7-b8c8-442e9a046387","value":{"error":"no such element","message":"An element could not be located on the page using the given search parameters","stacktrace":"io.appium.uiautomator2.common.exceptions.ElementNotFoundException: An element could not be located on the page using the given search parameters\n\tat io.appium.uiautomator2.handler.FindElement.safeHandle(FindElement.java:70)\n\tat io.appium.uiautomator2.handler.request.SafeRequestHandler.handle(SafeRequestHandler.java:59)\n\tat io.appium.uiautomator2.server.AppiumServlet.handleRequest(AppiumServlet.java:267)\n\tat io.appium.uiautomator2.server.AppiumServlet.handleHttpRequest(AppiumServlet.java:261)\n\tat io.appium.uiautomator2.http.ServerHandler.channelRead(ServerHandler.java:68)\n\tat io.netty.channel.AbstractChannelHandlerContext.invokeChannelRead(AbstractChannelHandlerContext.java:366)\n\tat io.netty.channel.AbstractChannelHandlerContext.invokeChannelRead(AbstractChannelHandlerContext.java:352)\n\tat io.netty.chann...
[debug] [38;5;128m[W3C][0m Matched W3C error code 'no such element' to NoSuchElementError
[debug] [38;5;32m[AndroidUiautomator2Driver@20e0 (76fca245)][0m Encountered internal error running command: NoSuchElementError: An element could not be located on the page using the given search parameters.
[debug] [38;5;32m[AndroidUiautomator2Driver@20e0 (76fca245)][0m     at AndroidUiautomator2Driver.findElOrEls (D:\MinuGITREpo\WDIO_Appium\node_modules\appium-uiautomator2-driver\node_modules\appium-android-driver\lib\commands\find.js:75:11)
[debug] [38;5;32m[AndroidUiautomator2Driver@20e0 (76fca245)][0m     at processTicksAndRejections (node:internal/process/task_queues:95:5)
[debug] [38;5;32m[AndroidUiautomator2Driver@20e0 (76fca245)][0m     at AndroidUiautomator2Driver.findElOrElsWithProcessing (D:\MinuGITREpo\WDIO_Appium\node_modules\@appium\base-driver\lib\basedriver\commands\find.js:81:16)
[debug] [38;5;32m[AndroidUiautomator2Driver@20e0 (76fca245)][0m     at AndroidUiautomator2Driver.findElement (D:\MinuGITREpo\WDIO_Appium\node_modules\@appium\base-driver\lib\basedriver\commands\find.js:21:14)
[38;5;0m[HTTP][0m [37m<-- POST /session/76fca245-900a-4c10-9906-e55179b88a77/element [39m[33m404[39m [90m40 ms - 827[39m
[38;5;0m[HTTP][0m [90m[39m
[38;5;0m[HTTP][0m [37m-->[39m [37mPOST[39m [37m/session/76fca245-900a-4c10-9906-e55179b88a77/elements[39m
[38;5;0m[HTTP][0m [90m{"using":"accessibility id","value":"input-email"}[39m
[debug] [38;5;32m[AndroidUiautomator2Driver@20e0 (76fca245)][0m Calling AppiumDriver.findElements() with args: ["accessibility id","input-email","76fca245-900a-4c10-9906-e55179b88a77"]
[debug] [38;5;32m[AndroidUiautomator2Driver@20e0 (76fca245)][0m Valid locator strategies for this request: xpath, id, class name, accessibility id, css selector, -android uiautomator
[debug] [38;5;32m[AndroidUiautomator2Driver@20e0 (76fca245)][0m Waiting up to 0 ms for condition
[debug] [38;5;32m[AndroidUiautomator2Driver@20e0 (76fca245)][0m Matched '/elements' to command name 'findElements'
[debug] [38;5;32m[AndroidUiautomator2Driver@20e0 (76fca245)][0m Proxying [POST /elements] to [POST http://127.0.0.1:8200/session/54b5b266-85a0-4fb7-b8c8-442e9a046387/elements] with body: {"strategy":"accessibility id","selector":"input-email","context":"","multiple":true}
[debug] [38;5;32m[AndroidUiautomator2Driver@20e0 (76fca245)][0m Got response with status 200: {"sessionId":"54b5b266-85a0-4fb7-b8c8-442e9a046387","value":[]}
[debug] [38;5;32m[AndroidUiautomator2Driver@20e0 (76fca245)][0m Responding to client with driver.findElements() result: []
[38;5;0m[HTTP][0m [37m<-- POST /session/76fca245-900a-4c10-9906-e55179b88a77/elements [39m[32m200[39m [90m53 ms - 12[39m
[38;5;0m[HTTP][0m [90m[39m
[38;5;0m[HTTP][0m [37m-->[39m [37mPOST[39m [37m/session/76fca245-900a-4c10-9906-e55179b88a77/elements[39m
[38;5;0m[HTTP][0m [90m{"using":"accessibility id","value":"input-email"}[39m
[debug] [38;5;32m[AndroidUiautomator2Driver@20e0 (76fca245)][0m Calling AppiumDriver.findElements() with args: ["accessibility id","input-email","76fca245-900a-4c10-9906-e55179b88a77"]
[debug] [38;5;32m[AndroidUiautomator2Driver@20e0 (76fca245)][0m Valid locator strategies for this request: xpath, id, class name, accessibility id, css selector, -android uiautomator
[debug] [38;5;32m[AndroidUiautomator2Driver@20e0 (76fca245)][0m Waiting up to 0 ms for condition
[debug] [38;5;32m[AndroidUiautomator2Driver@20e0 (76fca245)][0m Matched '/elements' to command name 'findElements'
[debug] [38;5;32m[AndroidUiautomator2Driver@20e0 (76fca245)][0m Proxying [POST /elements] to [POST http://127.0.0.1:8200/session/54b5b266-85a0-4fb7-b8c8-442e9a046387/elements] with body: {"strategy":"accessibility id","selector":"input-email","context":"","multiple":true}
[debug] [38;5;32m[AndroidUiautomator2Driver@20e0 (76fca245)][0m Got response with status 200: {"sessionId":"54b5b266-85a0-4fb7-b8c8-442e9a046387","value":[{"ELEMENT":"00000000-0000-02a6-ffff-ffff00000051","element-6066-11e4-a52e-4f735466cecf":"00000000-0000-02a6-ffff-ffff00000051"}]}
[debug] [38;5;32m[AndroidUiautomator2Driver@20e0 (76fca245)][0m Responding to client with driver.findElements() result: [{"element-6066-11e4-a52e-4f735466cecf":"00000000-0000-02a6-ffff-ffff00000051","ELEMENT":"00000000-0000-02a6-ffff-ffff00000051"}]
[38;5;0m[HTTP][0m [37m<-- POST /session/76fca245-900a-4c10-9906-e55179b88a77/elements [39m[32m200[39m [90m198 ms - 139[39m
[38;5;0m[HTTP][0m [90m[39m
[38;5;0m[HTTP][0m [37m-->[39m [37mPOST[39m [37m/session/76fca245-900a-4c10-9906-e55179b88a77/element[39m
[38;5;0m[HTTP][0m [90m{"using":"accessibility id","value":"input-email"}[39m
[debug] [38;5;32m[AndroidUiautomator2Driver@20e0 (76fca245)][0m Calling AppiumDriver.findElement() with args: ["accessibility id","input-email","76fca245-900a-4c10-9906-e55179b88a77"]
[debug] [38;5;32m[AndroidUiautomator2Driver@20e0 (76fca245)][0m Valid locator strategies for this request: xpath, id, class name, accessibility id, css selector, -android uiautomator
[debug] [38;5;32m[AndroidUiautomator2Driver@20e0 (76fca245)][0m Waiting up to 0 ms for condition
[debug] [38;5;32m[AndroidUiautomator2Driver@20e0 (76fca245)][0m Matched '/element' to command name 'findElement'
[debug] [38;5;32m[AndroidUiautomator2Driver@20e0 (76fca245)][0m Proxying [POST /element] to [POST http://127.0.0.1:8200/session/54b5b266-85a0-4fb7-b8c8-442e9a046387/element] with body: {"strategy":"accessibility id","selector":"input-email","context":"","multiple":false}
[debug] [38;5;32m[AndroidUiautomator2Driver@20e0 (76fca245)][0m Got response with status 200: {"sessionId":"54b5b266-85a0-4fb7-b8c8-442e9a046387","value":{"ELEMENT":"00000000-0000-02a6-ffff-ffff00000051","element-6066-11e4-a52e-4f735466cecf":"00000000-0000-02a6-ffff-ffff00000051"}}
[debug] [38;5;32m[AndroidUiautomator2Driver@20e0 (76fca245)][0m Responding to client with driver.findElement() result: {"element-6066-11e4-a52e-4f735466cecf":"00000000-0000-02a6-ffff-ffff00000051","ELEMENT":"00000000-0000-02a6-ffff-ffff00000051"}
[38;5;0m[HTTP][0m [37m<-- POST /session/76fca245-900a-4c10-9906-e55179b88a77/element [39m[32m200[39m [90m43 ms - 137[39m
[38;5;0m[HTTP][0m [90m[39m
[38;5;0m[HTTP][0m [37m-->[39m [37mPOST[39m [37m/session/76fca245-900a-4c10-9906-e55179b88a77/element/00000000-0000-02a6-ffff-ffff00000051/clear[39m
[38;5;0m[HTTP][0m [90m{}[39m
[debug] [38;5;32m[AndroidUiautomator2Driver@20e0 (76fca245)][0m Calling AppiumDriver.clear() with args: ["00000000-0000-02a6-ffff-ffff00000051","76fca245-900a-4c10-9906-e55179b88a77"]
[debug] [38;5;32m[AndroidUiautomator2Driver@20e0 (76fca245)][0m Matched '/element/00000000-0000-02a6-ffff-ffff00000051/clear' to command name 'clear'
[debug] [38;5;32m[AndroidUiautomator2Driver@20e0 (76fca245)][0m Proxying [POST /element/00000000-0000-02a6-ffff-ffff00000051/clear] to [POST http://127.0.0.1:8200/session/54b5b266-85a0-4fb7-b8c8-442e9a046387/element/00000000-0000-02a6-ffff-ffff00000051/clear] with body: {"elementId":"00000000-0000-02a6-ffff-ffff00000051"}
[debug] [38;5;32m[AndroidUiautomator2Driver@20e0 (76fca245)][0m Got response with status 200: {"sessionId":"54b5b266-85a0-4fb7-b8c8-442e9a046387","value":null}
[debug] [38;5;32m[AndroidUiautomator2Driver@20e0 (76fca245)][0m Responding to client with driver.clear() result: null
[38;5;0m[HTTP][0m [37m<-- POST /session/76fca245-900a-4c10-9906-e55179b88a77/element/00000000-0000-02a6-ffff-ffff00000051/clear [39m[32m200[39m [90m24 ms - 14[39m
[38;5;0m[HTTP][0m [90m[39m
[38;5;0m[HTTP][0m [37m-->[39m [37mPOST[39m [37m/session/76fca245-900a-4c10-9906-e55179b88a77/element/00000000-0000-02a6-ffff-ffff00000051/value[39m
[38;5;0m[HTTP][0m [90m{"text":"Chandu"}[39m
[debug] [38;5;32m[AndroidUiautomator2Driver@20e0 (76fca245)][0m Calling AppiumDriver.setValue() with args: ["Chandu","00000000-0000-02a6-ffff-ffff00000051","76fca245-900a-4c10-9906-e55179b88a77"]
[debug] [38;5;32m[AndroidUiautomator2Driver@20e0 (76fca245)][0m Matched '/element/00000000-0000-02a6-ffff-ffff00000051/value' to command name 'setValue'
[debug] [38;5;32m[AndroidUiautomator2Driver@20e0 (76fca245)][0m Added 'value' property ["C","h","a","n","d","u"] to 'setValue' request body
[debug] [38;5;32m[AndroidUiautomator2Driver@20e0 (76fca245)][0m Proxying [POST /element/00000000-0000-02a6-ffff-ffff00000051/value] to [POST http://127.0.0.1:8200/session/54b5b266-85a0-4fb7-b8c8-442e9a046387/element/00000000-0000-02a6-ffff-ffff00000051/value] with body: {"elementId":"00000000-0000-02a6-ffff-ffff00000051","text":"Chandu","replace":false,"value":["C","h","a","n","d","u"]}
[debug] [38;5;32m[AndroidUiautomator2Driver@20e0 (76fca245)][0m Got response with status 200: {"sessionId":"54b5b266-85a0-4fb7-b8c8-442e9a046387","value":null}
[debug] [38;5;32m[AndroidUiautomator2Driver@20e0 (76fca245)][0m Responding to client with driver.setValue() result: null
[38;5;0m[HTTP][0m [37m<-- POST /session/76fca245-900a-4c10-9906-e55179b88a77/element/00000000-0000-02a6-ffff-ffff00000051/value [39m[32m200[39m [90m548 ms - 14[39m
[38;5;0m[HTTP][0m [90m[39m
[38;5;0m[HTTP][0m [37m-->[39m [37mPOST[39m [37m/session/76fca245-900a-4c10-9906-e55179b88a77/element[39m
[38;5;0m[HTTP][0m [90m{"using":"accessibility id","value":"input-password"}[39m
[debug] [38;5;32m[AndroidUiautomator2Driver@20e0 (76fca245)][0m Calling AppiumDriver.findElement() with args: ["accessibility id","input-password","76fca245-900a-4c10-9906-e55179b88a77"]
[debug] [38;5;32m[AndroidUiautomator2Driver@20e0 (76fca245)][0m Valid locator strategies for this request: xpath, id, class name, accessibility id, css selector, -android uiautomator
[debug] [38;5;32m[AndroidUiautomator2Driver@20e0 (76fca245)][0m Waiting up to 0 ms for condition
[debug] [38;5;32m[AndroidUiautomator2Driver@20e0 (76fca245)][0m Matched '/element' to command name 'findElement'
[debug] [38;5;32m[AndroidUiautomator2Driver@20e0 (76fca245)][0m Proxying [POST /element] to [POST http://127.0.0.1:8200/session/54b5b266-85a0-4fb7-b8c8-442e9a046387/element] with body: {"strategy":"accessibility id","selector":"input-password","context":"","multiple":false}
[debug] [38;5;32m[AndroidUiautomator2Driver@20e0 (76fca245)][0m Got response with status 200: {"sessionId":"54b5b266-85a0-4fb7-b8c8-442e9a046387","value":{"ELEMENT":"00000000-0000-02a6-ffff-ffff00000055","element-6066-11e4-a52e-4f735466cecf":"00000000-0000-02a6-ffff-ffff00000055"}}
[debug] [38;5;32m[AndroidUiautomator2Driver@20e0 (76fca245)][0m Responding to client with driver.findElement() result: {"element-6066-11e4-a52e-4f735466cecf":"00000000-0000-02a6-ffff-ffff00000055","ELEMENT":"00000000-0000-02a6-ffff-ffff00000055"}
[38;5;0m[HTTP][0m [37m<-- POST /session/76fca245-900a-4c10-9906-e55179b88a77/element [39m[32m200[39m [90m655 ms - 137[39m
[38;5;0m[HTTP][0m [90m[39m
[38;5;0m[HTTP][0m [37m-->[39m [37mPOST[39m [37m/session/76fca245-900a-4c10-9906-e55179b88a77/element/00000000-0000-02a6-ffff-ffff00000055/clear[39m
[38;5;0m[HTTP][0m [90m{}[39m
[debug] [38;5;32m[AndroidUiautomator2Driver@20e0 (76fca245)][0m Calling AppiumDriver.clear() with args: ["00000000-0000-02a6-ffff-ffff00000055","76fca245-900a-4c10-9906-e55179b88a77"]
[debug] [38;5;32m[AndroidUiautomator2Driver@20e0 (76fca245)][0m Matched '/element/00000000-0000-02a6-ffff-ffff00000055/clear' to command name 'clear'
[debug] [38;5;32m[AndroidUiautomator2Driver@20e0 (76fca245)][0m Proxying [POST /element/00000000-0000-02a6-ffff-ffff00000055/clear] to [POST http://127.0.0.1:8200/session/54b5b266-85a0-4fb7-b8c8-442e9a046387/element/00000000-0000-02a6-ffff-ffff00000055/clear] with body: {"elementId":"00000000-0000-02a6-ffff-ffff00000055"}
[debug] [38;5;32m[AndroidUiautomator2Driver@20e0 (76fca245)][0m Got response with status 200: {"sessionId":"54b5b266-85a0-4fb7-b8c8-442e9a046387","value":null}
[debug] [38;5;32m[AndroidUiautomator2Driver@20e0 (76fca245)][0m Responding to client with driver.clear() result: null
[38;5;0m[HTTP][0m [37m<-- POST /session/76fca245-900a-4c10-9906-e55179b88a77/element/00000000-0000-02a6-ffff-ffff00000055/clear [39m[32m200[39m [90m35 ms - 14[39m
[38;5;0m[HTTP][0m [90m[39m
[38;5;0m[HTTP][0m [37m-->[39m [37mPOST[39m [37m/session/76fca245-900a-4c10-9906-e55179b88a77/element/00000000-0000-02a6-ffff-ffff00000055/value[39m
[38;5;0m[HTTP][0m [90m{"text":"bhirud"}[39m
[debug] [38;5;32m[AndroidUiautomator2Driver@20e0 (76fca245)][0m Calling AppiumDriver.setValue() with args: ["bhirud","00000000-0000-02a6-ffff-ffff00000055","76fca245-900a-4c10-9906-e55179b88a77"]
[debug] [38;5;32m[AndroidUiautomator2Driver@20e0 (76fca245)][0m Matched '/element/00000000-0000-02a6-ffff-ffff00000055/value' to command name 'setValue'
[debug] [38;5;32m[AndroidUiautomator2Driver@20e0 (76fca245)][0m Added 'value' property ["b","h","i","r","u","d"] to 'setValue' request body
[debug] [38;5;32m[AndroidUiautomator2Driver@20e0 (76fca245)][0m Proxying [POST /element/00000000-0000-02a6-ffff-ffff00000055/value] to [POST http://127.0.0.1:8200/session/54b5b266-85a0-4fb7-b8c8-442e9a046387/element/00000000-0000-02a6-ffff-ffff00000055/value] with body: {"elementId":"00000000-0000-02a6-ffff-ffff00000055","text":"bhirud","replace":false,"value":["b","h","i","r","u","d"]}
[debug] [38;5;32m[AndroidUiautomator2Driver@20e0 (76fca245)][0m Got response with status 200: {"sessionId":"54b5b266-85a0-4fb7-b8c8-442e9a046387","value":null}
[debug] [38;5;32m[AndroidUiautomator2Driver@20e0 (76fca245)][0m Responding to client with driver.setValue() result: null
[38;5;0m[HTTP][0m [37m<-- POST /session/76fca245-900a-4c10-9906-e55179b88a77/element/00000000-0000-02a6-ffff-ffff00000055/value [39m[32m200[39m [90m1029 ms - 14[39m
[38;5;0m[HTTP][0m [90m[39m
[38;5;0m[HTTP][0m [37m-->[39m [37mPOST[39m [37m/session/76fca245-900a-4c10-9906-e55179b88a77/element[39m
[38;5;0m[HTTP][0m [90m{"using":"accessibility id","value":"button-LOGIN"}[39m
[debug] [38;5;32m[AndroidUiautomator2Driver@20e0 (76fca245)][0m Calling AppiumDriver.findElement() with args: ["accessibility id","button-LOGIN","76fca245-900a-4c10-9906-e55179b88a77"]
[debug] [38;5;32m[AndroidUiautomator2Driver@20e0 (76fca245)][0m Valid locator strategies for this request: xpath, id, class name, accessibility id, css selector, -android uiautomator
[debug] [38;5;32m[AndroidUiautomator2Driver@20e0 (76fca245)][0m Waiting up to 0 ms for condition
[debug] [38;5;32m[AndroidUiautomator2Driver@20e0 (76fca245)][0m Matched '/element' to command name 'findElement'
[debug] [38;5;32m[AndroidUiautomator2Driver@20e0 (76fca245)][0m Proxying [POST /element] to [POST http://127.0.0.1:8200/session/54b5b266-85a0-4fb7-b8c8-442e9a046387/element] with body: {"strategy":"accessibility id","selector":"button-LOGIN","context":"","multiple":false}
[debug] [38;5;32m[AndroidUiautomator2Driver@20e0 (76fca245)][0m Got response with status 200: {"sessionId":"54b5b266-85a0-4fb7-b8c8-442e9a046387","value":{"ELEMENT":"00000000-0000-02a6-ffff-ffff00000058","element-6066-11e4-a52e-4f735466cecf":"00000000-0000-02a6-ffff-ffff00000058"}}
[debug] [38;5;32m[AndroidUiautomator2Driver@20e0 (76fca245)][0m Responding to client with driver.findElement() result: {"element-6066-11e4-a52e-4f735466cecf":"00000000-0000-02a6-ffff-ffff00000058","ELEMENT":"00000000-0000-02a6-ffff-ffff00000058"}
[38;5;0m[HTTP][0m [37m<-- POST /session/76fca245-900a-4c10-9906-e55179b88a77/element [39m[32m200[39m [90m665 ms - 137[39m
[38;5;0m[HTTP][0m [90m[39m
[38;5;0m[HTTP][0m [37m-->[39m [37mPOST[39m [37m/session/76fca245-900a-4c10-9906-e55179b88a77/element/00000000-0000-02a6-ffff-ffff00000058/click[39m
[38;5;0m[HTTP][0m [90m{}[39m
[debug] [38;5;32m[AndroidUiautomator2Driver@20e0 (76fca245)][0m Calling AppiumDriver.click() with args: ["00000000-0000-02a6-ffff-ffff00000058","76fca245-900a-4c10-9906-e55179b88a77"]
[debug] [38;5;32m[AndroidUiautomator2Driver@20e0 (76fca245)][0m Matched '/element/00000000-0000-02a6-ffff-ffff00000058/click' to command name 'click'
[debug] [38;5;32m[AndroidUiautomator2Driver@20e0 (76fca245)][0m Proxying [POST /element/00000000-0000-02a6-ffff-ffff00000058/click] to [POST http://127.0.0.1:8200/session/54b5b266-85a0-4fb7-b8c8-442e9a046387/element/00000000-0000-02a6-ffff-ffff00000058/click] with body: {"element":"00000000-0000-02a6-ffff-ffff00000058"}
[debug] [38;5;32m[AndroidUiautomator2Driver@20e0 (76fca245)][0m Got response with status 200: {"sessionId":"54b5b266-85a0-4fb7-b8c8-442e9a046387","value":null}
[debug] [38;5;32m[AndroidUiautomator2Driver@20e0 (76fca245)][0m Responding to client with driver.click() result: null
[38;5;0m[HTTP][0m [37m<-- POST /session/76fca245-900a-4c10-9906-e55179b88a77/element/00000000-0000-02a6-ffff-ffff00000058/click [39m[32m200[39m [90m59 ms - 14[39m
[38;5;0m[HTTP][0m [90m[39m
[38;5;0m[HTTP][0m [37m-->[39m [37mDELETE[39m [37m/session/76fca245-900a-4c10-9906-e55179b88a77[39m
[38;5;0m[HTTP][0m [90m{}[39m
[debug] [38;5;32m[AndroidUiautomator2Driver@20e0 (76fca245)][0m Calling AppiumDriver.deleteSession() with args: ["76fca245-900a-4c10-9906-e55179b88a77"]
[debug] [38;5;16m[AppiumDriver@5ea4][0m Event 'quitSessionRequested' logged at 1676554220906 (13:30:20 GMT+0000 (Greenwich Mean Time))
[38;5;16m[AppiumDriver@5ea4][0m Removing session 76fca245-900a-4c10-9906-e55179b88a77 from our master session list
[debug] [38;5;32m[AndroidUiautomator2Driver@20e0 (76fca245)][0m Deleting UiAutomator2 session
[debug] [38;5;32m[AndroidUiautomator2Driver@20e0 (76fca245)][0m Deleting UiAutomator2 server session
[debug] [38;5;32m[AndroidUiautomator2Driver@20e0 (76fca245)][0m Matched '/' to command name 'deleteSession'
[debug] [38;5;32m[AndroidUiautomator2Driver@20e0 (76fca245)][0m Proxying [DELETE /] to [DELETE http://127.0.0.1:8200/session/54b5b266-85a0-4fb7-b8c8-442e9a046387] with no body
[debug] [38;5;32m[AndroidUiautomator2Driver@20e0 (76fca245)][0m Got response with status 200: {"sessionId":"54b5b266-85a0-4fb7-b8c8-442e9a046387","value":null}
[debug] [38;5;64m[ADB][0m Running 'C:\Users\Mehul\AppData\Local\Android\Sdk\platform-tools\adb.exe -P 5037 -s A47EUT2901000624 shell dumpsys activity services io.appium.settings/.recorder.RecorderService'
[debug] [38;5;64m[ADB][0m Running 'C:\Users\Mehul\AppData\Local\Android\Sdk\platform-tools\adb.exe -P 5037 -s A47EUT2901000624 shell am force-stop com.wdiodemoapp'
[debug] [38;5;96m[Logcat][0m Stopping logcat capture
[debug] [38;5;64m[ADB][0m Removing forwarded port socket connection: 8200 
[debug] [38;5;64m[ADB][0m Running 'C:\Users\Mehul\AppData\Local\Android\Sdk\platform-tools\adb.exe -P 5037 -s A47EUT2901000624 forward --remove tcp:8200'
[38;5;32m[AndroidUiautomator2Driver@20e0 (76fca245)][0m Restoring hidden api policy to the device default configuration
[debug] [38;5;64m[ADB][0m Running 'C:\Users\Mehul\AppData\Local\Android\Sdk\platform-tools\adb.exe -P 5037 -s A47EUT2901000624 shell 'settings delete global hidden_api_policy_pre_p_apps;settings delete global hidden_api_policy_p_apps;settings delete global hidden_api_policy''
[debug] [38;5;112m[Instrumentation][0m .
[debug] [38;5;112m[Instrumentation][0m Time: 8.053
[debug] [38;5;112m[Instrumentation][0m 
[debug] [38;5;112m[Instrumentation][0m OK (1 test)
[debug] [38;5;16m[AppiumDriver@5ea4][0m Event 'quitSessionFinished' logged at 1676554221408 (13:30:21 GMT+0000 (Greenwich Mean Time))
[debug] [38;5;16m[AppiumDriver@5ea4][0m Received response: null
[debug] [38;5;16m[AppiumDriver@5ea4][0m But deleting session, so not returning
[debug] [38;5;16m[AppiumDriver@5ea4][0m Responding to client with driver.deleteSession() result: null
[38;5;0m[HTTP][0m [37m<-- DELETE /session/76fca245-900a-4c10-9906-e55179b88a77 [39m[32m200[39m [90m504 ms - 14[39m
[38;5;0m[HTTP][0m [90m[39m
